<?xml version="1.0" encoding="UTF-8"?>
<!-- Generated by org.testng.reporters.JUnitReportReporter -->
<testsuite hostname="LAPTOP-RCU47F6D" failures="0" tests="1" name="restAssuredTest.getRequest" time="3.070" errors="0" timestamp="2022-10-05T21:04:59 IST" skipped="0">
  <testcase classname="restAssuredTest.getRequest" name="getEmpDetails" time="3.070"/>
  <system-out/>
</testsuite> <!-- restAssuredTest.getRequest -->
